Using pre-set license
Built from '2021.1/staging' branch; Version is '2021.1.7f1 (d91830b65d9b) revision 14227504'; Using compiler version '192528614'; Build Type 'Release'
OS: 'Windows 10 Pro; OS build 19045.2728; Version 2009; 64bit' Language: 'ko' Physical Memory: 16321 MB
BatchMode: 1, IsHumanControllingUs: 0, StartBugReporterOnCrash: 0, Is64bit: 1, IsPro: 0

 COMMAND LINE ARGUMENTS:
D:\unity\Editor\2021.1.7f1\Editor\Unity.exe
-adb2
-batchMode
-noUpm
-name
AssetImportWorker0
-projectPath
C:/Users/Administrator/Desktop/깃 허브/Unity_RE_CraftingTable
-logFile
Logs/AssetImportWorker0.log
-srvPort
62380
Successfully changed project path to: C:/Users/Administrator/Desktop/깃 허브/Unity_RE_CraftingTable
C:/Users/Administrator/Desktop/깃 허브/Unity_RE_CraftingTable
Using Asset Import Pipeline V2.
Refreshing native plugins compatible for Editor in 42.70 ms, found 0 plugins.
Preloading 0 native plugins for Editor in 0.00 ms.
Initialize engine version: 2021.1.7f1 (d91830b65d9b)
[Subsystems] Discovering subsystems at path D:/unity/Editor/2021.1.7f1/Editor/Data/Resources/UnitySubsystems
[Subsystems] Discovering subsystems at path C:/Users/Administrator/Desktop/깃 허브/Unity_RE_CraftingTable/Assets
GfxDevice: creating device client; threaded=0; jobified=0
Direct3D:
    Version:  Direct3D 11.0 [level 11.1]
    Renderer: NVIDIA GeForce GTX 1060 3GB (ID=0x1c02)
    Vendor:   NVIDIA
    VRAM:     2988 MB
    Driver:   30.0.14.9649
Initialize mono
Mono path[0] = 'D:/unity/Editor/2021.1.7f1/Editor/Data/Managed'
Mono path[1] = 'D:/unity/Editor/2021.1.7f1/Editor/Data/MonoBleedingEdge/lib/mono/unityjit'
Mono config path = 'D:/unity/Editor/2021.1.7f1/Editor/Data/MonoBleedingEdge/etc'
Using monoOptions --debugger-agent=transport=dt_socket,embedding=1,server=y,suspend=n,address=127.0.0.1:56924
Begin MonoManager ReloadAssembly
Registering precompiled unity dll's ...
Register platform support module: D:/unity/Editor/2021.1.7f1/Editor/Data/PlaybackEngines/WindowsStandaloneSupport/UnityEditor.WindowsStandalone.Extensions.dll
Registered in 0.005482 seconds.
Native extension for WindowsStandalone target not found
Refreshing native plugins compatible for Editor in 33.84 ms, found 0 plugins.
Preloading 0 native plugins for Editor in 0.00 ms.
Mono: successfully reloaded assembly
- Completed reload, in  5.074 seconds
Platform modules already initialized, skipping
Registering precompiled user dll's ...
Registered in 0.001871 seconds.
Begin MonoManager ReloadAssembly
Native extension for WindowsStandalone target not found
Refreshing native plugins compatible for Editor in 0.21 ms, found 0 plugins.
Preloading 0 native plugins for Editor in 0.00 ms.
Mono: successfully reloaded assembly
- Completed reload, in  1.183 seconds
Platform modules already initialized, skipping
========================================================================
Worker process is ready to serve import requests
Launched and connected shader compiler UnityShaderCompiler.exe after 0.06 seconds
Refreshing native plugins compatible for Editor in 0.22 ms, found 0 plugins.
Preloading 0 native plugins for Editor in 0.00 ms.
Unloading 1176 Unused Serialized files (Serialized files now loaded: 0)
System memory in use before: 64.0 MB.
System memory in use after: 64.1 MB.

Unloading 9 unused Assets to reduce memory usage. Loaded Objects now: 1635.
Total: 1.778600 ms (FindLiveObjects: 0.104000 ms CreateObjectMapping: 0.035000 ms MarkObjects: 1.583500 ms  DeleteObjects: 0.054900 ms)

========================================================================
Received Import Request.
  path: Assets/02.Scripts/UIManager.cs
  artifactKey: Guid(d0f62c402b3095244b70e4f7f1de643f) Importer(2089858483,934ff659095e30574adcf32a4c2f97b5)
Start importing Assets/02.Scripts/UIManager.cs using Guid(d0f62c402b3095244b70e4f7f1de643f) Importer(2089858483,934ff659095e30574adcf32a4c2f97b5)  -> (artifact id: '34f41fe9f0a6c9ac201ef9eb73f3c7c3') in 0.151342 seconds 
========================================================================
Received Import Request.
  Time since last request: 0.000202 seconds.
  path: Assets/Resources/ScriptableObject/Items/Cake.asset
  artifactKey: Guid(fc74bca80d741b34fb03516064845218) Importer(2089858483,934ff659095e30574adcf32a4c2f97b5)
Start importing Assets/Resources/ScriptableObject/Items/Cake.asset using Guid(fc74bca80d741b34fb03516064845218) Importer(2089858483,934ff659095e30574adcf32a4c2f97b5)  -> (artifact id: '721589b5225d85e8e84efb7ab720455d') in 0.023038 seconds 
========================================================================
Received Import Request.
  Time since last request: 0.000211 seconds.
  path: Assets/Resources/ScriptableObject/Items/Oak Planks.asset
  artifactKey: Guid(c3081cd0600a2e54f80e118db8bacdb6) Importer(2089858483,934ff659095e30574adcf32a4c2f97b5)
Start importing Assets/Resources/ScriptableObject/Items/Oak Planks.asset using Guid(c3081cd0600a2e54f80e118db8bacdb6) Importer(2089858483,934ff659095e30574adcf32a4c2f97b5)  -> (artifact id: 'd54dc588c4dcc5b27b972b111261aa4c') in 0.015094 seconds 
========================================================================
Received Import Request.
  Time since last request: 0.000076 seconds.
  path: Assets/Resources/ScriptableObject/Items/Oak Stairs.asset
  artifactKey: Guid(06284f24b4458bb40a65767cc2822cb2) Importer(2089858483,934ff659095e30574adcf32a4c2f97b5)
Start importing Assets/Resources/ScriptableObject/Items/Oak Stairs.asset using Guid(06284f24b4458bb40a65767cc2822cb2) Importer(2089858483,934ff659095e30574adcf32a4c2f97b5)  -> (artifact id: 'b6147a65ae39907609e9df39a2902bcf') in 0.015651 seconds 
========================================================================
Received Import Request.
  Time since last request: 0.000102 seconds.
  path: Assets/Resources/ScriptableObject/Items/Iron Helmet.asset
  artifactKey: Guid(2fc4dc067ee9bfe4bb2ae87a92cb9f72) Importer(2089858483,934ff659095e30574adcf32a4c2f97b5)
Start importing Assets/Resources/ScriptableObject/Items/Iron Helmet.asset using Guid(2fc4dc067ee9bfe4bb2ae87a92cb9f72) Importer(2089858483,934ff659095e30574adcf32a4c2f97b5)  -> (artifact id: 'f0d1d2b4f64722ea77eb415e0e5a3a65') in 0.022301 seconds 
========================================================================
Received Import Request.
  Time since last request: 0.000224 seconds.
  path: Assets/Resources/ScriptableObject/Items/Sand.asset
  artifactKey: Guid(0c6fedf2bf75f2145ab3e2c3018a6d5b) Importer(2089858483,934ff659095e30574adcf32a4c2f97b5)
Start importing Assets/Resources/ScriptableObject/Items/Sand.asset using Guid(0c6fedf2bf75f2145ab3e2c3018a6d5b) Importer(2089858483,934ff659095e30574adcf32a4c2f97b5)  -> (artifact id: 'dfb077b0fcb4cc71b9f751681c6747ff') in 0.017291 seconds 
========================================================================
Received Import Request.
  Time since last request: 0.000232 seconds.
  path: Assets/Resources/ScriptableObject/Items/Wooden Shovel.asset
  artifactKey: Guid(52404c9d512e1104fa7050ba88d98966) Importer(2089858483,934ff659095e30574adcf32a4c2f97b5)
Start importing Assets/Resources/ScriptableObject/Items/Wooden Shovel.asset using Guid(52404c9d512e1104fa7050ba88d98966) Importer(2089858483,934ff659095e30574adcf32a4c2f97b5)  -> (artifact id: '92d65c4d06a4ea54f0b8f81f25e6579d') in 0.017263 seconds 
========================================================================
Received Import Request.
  Time since last request: 0.000175 seconds.
  path: Assets/Resources/ScriptableObject/Items/Iron Leggings.asset
  artifactKey: Guid(4c22bd6241673c64d9d0b300a61968d7) Importer(2089858483,934ff659095e30574adcf32a4c2f97b5)
Start importing Assets/Resources/ScriptableObject/Items/Iron Leggings.asset using Guid(4c22bd6241673c64d9d0b300a61968d7) Importer(2089858483,934ff659095e30574adcf32a4c2f97b5)  -> (artifact id: 'a6745c07d80c767efcd5a74a893797e2') in 0.034101 seconds 
========================================================================
Received Import Request.
  Time since last request: 0.000175 seconds.
  path: Assets/Resources/ScriptableObject/Items/Iron Sword.asset
  artifactKey: Guid(fb61cebe5efae4847a639f516626800d) Importer(2089858483,934ff659095e30574adcf32a4c2f97b5)
Start importing Assets/Resources/ScriptableObject/Items/Iron Sword.asset using Guid(fb61cebe5efae4847a639f516626800d) Importer(2089858483,934ff659095e30574adcf32a4c2f97b5)  -> (artifact id: '92f648a4625ee787086a4e4661a9080f') in 0.018110 seconds 
========================================================================
Received Import Request.
  Time since last request: 0.000176 seconds.
  path: Assets/Resources/ScriptableObject/Items/Wheat.asset
  artifactKey: Guid(569cb9851d84fc44c9ec9f945900fe8f) Importer(2089858483,934ff659095e30574adcf32a4c2f97b5)
Start importing Assets/Resources/ScriptableObject/Items/Wheat.asset using Guid(569cb9851d84fc44c9ec9f945900fe8f) Importer(2089858483,934ff659095e30574adcf32a4c2f97b5)  -> (artifact id: '1e0d66bc66160accadb7736026eb92fe') in 0.020096 seconds 
========================================================================
Received Import Request.
  Time since last request: 0.000221 seconds.
  path: Assets/Resources/ScriptableObject/Items/Brown Mushroom.asset
  artifactKey: Guid(a66a503fa84f064419b5a249d8f4eb97) Importer(2089858483,934ff659095e30574adcf32a4c2f97b5)
Start importing Assets/Resources/ScriptableObject/Items/Brown Mushroom.asset using Guid(a66a503fa84f064419b5a249d8f4eb97) Importer(2089858483,934ff659095e30574adcf32a4c2f97b5)  -> (artifact id: '5d324a7e72fe808578ae9d8f202ac041') in 0.018697 seconds 
========================================================================
Received Import Request.
  Time since last request: 0.000173 seconds.
  path: Assets/02.Scripts/Item_Scriptable.cs
  artifactKey: Guid(db1abe2f6c12b3f4f9aab7ce69d74dfc) Importer(2089858483,934ff659095e30574adcf32a4c2f97b5)
Start importing Assets/02.Scripts/Item_Scriptable.cs using Guid(db1abe2f6c12b3f4f9aab7ce69d74dfc) Importer(2089858483,934ff659095e30574adcf32a4c2f97b5)  -> (artifact id: 'c4a3152d1b15729c6dd8700e848824cc') in 0.020784 seconds 
========================================================================
Received Import Request.
  Time since last request: 0.000182 seconds.
  path: Assets/Resources/ScriptableObject/Items/Glass.asset
  artifactKey: Guid(e31cfa7fd65ca2542b6ec9295de08993) Importer(2089858483,934ff659095e30574adcf32a4c2f97b5)
Start importing Assets/Resources/ScriptableObject/Items/Glass.asset using Guid(e31cfa7fd65ca2542b6ec9295de08993) Importer(2089858483,934ff659095e30574adcf32a4c2f97b5)  -> (artifact id: '6c29b432058dae0e10f5e9ff9a00a37d') in 0.023139 seconds 
========================================================================
Received Import Request.
  Time since last request: 0.000202 seconds.
  path: Assets/Resources/ScriptableObject/Items/Iron Boots.asset
  artifactKey: Guid(b0e349f5adc136345b67a0fc27822d13) Importer(2089858483,934ff659095e30574adcf32a4c2f97b5)
Start importing Assets/Resources/ScriptableObject/Items/Iron Boots.asset using Guid(b0e349f5adc136345b67a0fc27822d13) Importer(2089858483,934ff659095e30574adcf32a4c2f97b5)  -> (artifact id: '4f543ffe1537b3795566d6edd639fe10') in 0.019505 seconds 
========================================================================
Received Import Request.
  Time since last request: 0.000173 seconds.
  path: Assets/Resources/ScriptableObject/Items/Wooden Hoe.asset
  artifactKey: Guid(3da8e4eac90c5e6488b907969de4c34d) Importer(2089858483,934ff659095e30574adcf32a4c2f97b5)
Start importing Assets/Resources/ScriptableObject/Items/Wooden Hoe.asset using Guid(3da8e4eac90c5e6488b907969de4c34d) Importer(2089858483,934ff659095e30574adcf32a4c2f97b5)  -> (artifact id: '2621275354b2c188d9638e202d2ddd75') in 0.017890 seconds 
========================================================================
Received Import Request.
  Time since last request: 0.000124 seconds.
  path: Assets/02.Scripts/ItemInfo.cs
  artifactKey: Guid(af7b67676cac754489f5a27a2b716ee5) Importer(2089858483,934ff659095e30574adcf32a4c2f97b5)
Start importing Assets/02.Scripts/ItemInfo.cs using Guid(af7b67676cac754489f5a27a2b716ee5) Importer(2089858483,934ff659095e30574adcf32a4c2f97b5)  -> (artifact id: 'c5ffabc0e4b71694038c03dfdf2df37b') in 0.019806 seconds 
========================================================================
Received Import Request.
  Time since last request: 0.000160 seconds.
  path: Assets/Resources/ScriptableObject/Items/TNT.asset
  artifactKey: Guid(e9d2b866625ab2345b979428dd49d092) Importer(2089858483,934ff659095e30574adcf32a4c2f97b5)
Start importing Assets/Resources/ScriptableObject/Items/TNT.asset using Guid(e9d2b866625ab2345b979428dd49d092) Importer(2089858483,934ff659095e30574adcf32a4c2f97b5)  -> (artifact id: '24375343c3a9b16eacedf5dddd6c2cc7') in 0.017134 seconds 
========================================================================
Received Import Request.
  Time since last request: 0.000174 seconds.
  path: Assets/04.Prefabs/Workbench Slot.prefab
  artifactKey: Guid(7f9e747d423fdc5418bac1245ee8ae30) Importer(2089858483,934ff659095e30574adcf32a4c2f97b5)
Start importing Assets/04.Prefabs/Workbench Slot.prefab using Guid(7f9e747d423fdc5418bac1245ee8ae30) Importer(2089858483,934ff659095e30574adcf32a4c2f97b5)  -> (artifact id: 'dd23dbcd0849fc2de515d27cb57c2764') in 0.021675 seconds 
========================================================================
Received Import Request.
  Time since last request: 0.000227 seconds.
  path: Assets/Resources/ScriptableObject/Items/Apple.asset
  artifactKey: Guid(a7efeef44c3261d459914f6342d2d4b9) Importer(2089858483,934ff659095e30574adcf32a4c2f97b5)
Start importing Assets/Resources/ScriptableObject/Items/Apple.asset using Guid(a7efeef44c3261d459914f6342d2d4b9) Importer(2089858483,934ff659095e30574adcf32a4c2f97b5)  -> (artifact id: '8b5c26faf2cf21ccf94a1a909abd5551') in 0.023834 seconds 
========================================================================
Received Import Request.
  Time since last request: 0.000169 seconds.
  path: Assets/Resources/ScriptableObject/Items/Iron Hoe.asset
  artifactKey: Guid(b0793fe8e5f56854c85bbf1116e6beb4) Importer(2089858483,934ff659095e30574adcf32a4c2f97b5)
Start importing Assets/Resources/ScriptableObject/Items/Iron Hoe.asset using Guid(b0793fe8e5f56854c85bbf1116e6beb4) Importer(2089858483,934ff659095e30574adcf32a4c2f97b5)  -> (artifact id: '7a9c71885a5452023f70290d3540ba00') in 0.016140 seconds 
========================================================================
Received Import Request.
  Time since last request: 0.000206 seconds.
  path: Assets/Resources/ScriptableObject/Items/Iron Shovel.asset
  artifactKey: Guid(62d4c5b1beb52b6489a1aa8dadc62467) Importer(2089858483,934ff659095e30574adcf32a4c2f97b5)
Start importing Assets/Resources/ScriptableObject/Items/Iron Shovel.asset using Guid(62d4c5b1beb52b6489a1aa8dadc62467) Importer(2089858483,934ff659095e30574adcf32a4c2f97b5)  -> (artifact id: 'ba3df08400d5d9be0d68a93b42c7b827') in 0.016015 seconds 
========================================================================
Received Import Request.
  Time since last request: 0.000189 seconds.
  path: Packages/com.unity.2d.sprite/Editor/ObjectMenuCreation/DefaultAssets/Textures/v2/HexagonPointedTop.png
  artifactKey: Guid(5aa8b770bc43046bc8d993d0d5b7f4a5) Importer(815301076,1909f56bfc062723c751e8b465ee728b)
Start importing Packages/com.unity.2d.sprite/Editor/ObjectMenuCreation/DefaultAssets/Textures/v2/HexagonPointedTop.png using Guid(5aa8b770bc43046bc8d993d0d5b7f4a5) Importer(815301076,1909f56bfc062723c751e8b465ee728b)  -> (artifact id: '536fcc5c05156a4f8fb27b1971e7323a') in 0.157014 seconds 
========================================================================
Received Import Request.
  Time since last request: 0.000190 seconds.
  path: Assets/03.Textures/UI/jei.png
  artifactKey: Guid(2bd7da69f5ab19c4686382251085596e) Importer(2089858483,934ff659095e30574adcf32a4c2f97b5)
Start importing Assets/03.Textures/UI/jei.png using Guid(2bd7da69f5ab19c4686382251085596e) Importer(2089858483,934ff659095e30574adcf32a4c2f97b5)  -> (artifact id: 'd02bea1cf87e21f96f240f3179d5329c') in 0.025972 seconds 
========================================================================
Received Import Request.
  Time since last request: 0.000160 seconds.
  path: Assets/Resources/ScriptableObject/Items/Oak Slab.asset
  artifactKey: Guid(55dbbe5eca9239c47b5a42af50ec79c1) Importer(2089858483,934ff659095e30574adcf32a4c2f97b5)
Start importing Assets/Resources/ScriptableObject/Items/Oak Slab.asset using Guid(55dbbe5eca9239c47b5a42af50ec79c1) Importer(2089858483,934ff659095e30574adcf32a4c2f97b5)  -> (artifact id: '638f7da91d6a6101079fa231a3e35ce1') in 0.027800 seconds 
========================================================================
Received Import Request.
  Time since last request: 0.000174 seconds.
  path: Assets/Resources/ScriptableObject/Items/Wooden Pickaxe.asset
  artifactKey: Guid(e430f5e7b4aecb64e8e4bd6448884b0f) Importer(2089858483,934ff659095e30574adcf32a4c2f97b5)
Start importing Assets/Resources/ScriptableObject/Items/Wooden Pickaxe.asset using Guid(e430f5e7b4aecb64e8e4bd6448884b0f) Importer(2089858483,934ff659095e30574adcf32a4c2f97b5)  -> (artifact id: 'fc4463a545a5181236560c0c04b8e042') in 0.018412 seconds 
========================================================================
Received Import Request.
  Time since last request: 0.000185 seconds.
  path: Assets/Resources/ScriptableObject/Items/Iron Ingot.asset
  artifactKey: Guid(00dcca10a44385946ae5968f5cd35a2f) Importer(2089858483,934ff659095e30574adcf32a4c2f97b5)
Start importing Assets/Resources/ScriptableObject/Items/Iron Ingot.asset using Guid(00dcca10a44385946ae5968f5cd35a2f) Importer(2089858483,934ff659095e30574adcf32a4c2f97b5)  -> (artifact id: '087177e72f3fb4c846baa2c8f0f72cb9') in 0.017619 seconds 
========================================================================
Received Import Request.
  Time since last request: 0.000312 seconds.
  path: Packages/com.unity.2d.sprite/Editor/ObjectMenuCreation/DefaultAssets/Textures/IsometricDiamond.png
  artifactKey: Guid(0d267bc78a0864eb48358689b29ed20a) Importer(815301076,1909f56bfc062723c751e8b465ee728b)
Start importing Packages/com.unity.2d.sprite/Editor/ObjectMenuCreation/DefaultAssets/Textures/IsometricDiamond.png using Guid(0d267bc78a0864eb48358689b29ed20a) Importer(815301076,1909f56bfc062723c751e8b465ee728b)  -> (artifact id: 'ac32004129a0fea8ba6bb6f64bb3ec24') in 0.022756 seconds 
========================================================================
Received Import Request.
  Time since last request: 0.000188 seconds.
  path: Assets/Resources/ScriptableObject/Items/White Wool.asset
  artifactKey: Guid(81405cc7a3142484e8a61c4430088602) Importer(2089858483,934ff659095e30574adcf32a4c2f97b5)
Start importing Assets/Resources/ScriptableObject/Items/White Wool.asset using Guid(81405cc7a3142484e8a61c4430088602) Importer(2089858483,934ff659095e30574adcf32a4c2f97b5)  -> (artifact id: '9f0ae4dbd15c0cb7c527b4a736393603') in 0.024381 seconds 
========================================================================
Received Import Request.
  Time since last request: 0.000230 seconds.
  path: Assets/02.Scripts/DraggingItem.cs
  artifactKey: Guid(8c9ff09008cff4e49ab07f0a515d6d51) Importer(2089858483,934ff659095e30574adcf32a4c2f97b5)
Start importing Assets/02.Scripts/DraggingItem.cs using Guid(8c9ff09008cff4e49ab07f0a515d6d51) Importer(2089858483,934ff659095e30574adcf32a4c2f97b5)  -> (artifact id: '66a32f04b7693b6830b433f010bfb6c5') in 0.036216 seconds 
========================================================================
Received Import Request.
  Time since last request: 0.000193 seconds.
  path: Assets/02.Scripts/Item.cs
  artifactKey: Guid(171fa09cc039cf146a571461383c8075) Importer(2089858483,934ff659095e30574adcf32a4c2f97b5)
Start importing Assets/02.Scripts/Item.cs using Guid(171fa09cc039cf146a571461383c8075) Importer(2089858483,934ff659095e30574adcf32a4c2f97b5)  -> (artifact id: '468d2262d3daa23f152d2db5016998ee') in 0.026494 seconds 
========================================================================
Received Import Request.
  Time since last request: 0.000376 seconds.
  path: Assets/Resources/ScriptableObject/Items/Egg.asset
  artifactKey: Guid(ee1dd70fb6289b34f9d4f36132fdd016) Importer(2089858483,934ff659095e30574adcf32a4c2f97b5)
Start importing Assets/Resources/ScriptableObject/Items/Egg.asset using Guid(ee1dd70fb6289b34f9d4f36132fdd016) Importer(2089858483,934ff659095e30574adcf32a4c2f97b5)  -> (artifact id: 'f1d85d61761501fa01b558061fcf140d') in 0.027086 seconds 
========================================================================
Received Import Request.
  Time since last request: 0.000192 seconds.
  path: Assets/Resources/ScriptableObject/Items/Diamond Pickaxe.asset
  artifactKey: Guid(fa146d50092e39e4bbbb9b6f8821d4a4) Importer(2089858483,934ff659095e30574adcf32a4c2f97b5)
Start importing Assets/Resources/ScriptableObject/Items/Diamond Pickaxe.asset using Guid(fa146d50092e39e4bbbb9b6f8821d4a4) Importer(2089858483,934ff659095e30574adcf32a4c2f97b5)  -> (artifact id: '5e0bafc4d38e561f726a57b45c51e9be') in 0.022054 seconds 
========================================================================
Received Import Request.
  Time since last request: 0.000182 seconds.
  path: Assets/Resources/ScriptableObject/Items/Fishing Rod.asset
  artifactKey: Guid(75d424613fe650f4eb4f1f2e49bc9a11) Importer(2089858483,934ff659095e30574adcf32a4c2f97b5)
Start importing Assets/Resources/ScriptableObject/Items/Fishing Rod.asset using Guid(75d424613fe650f4eb4f1f2e49bc9a11) Importer(2089858483,934ff659095e30574adcf32a4c2f97b5)  -> (artifact id: 'fc127e1a42bf9d091b9049b252f154af') in 0.080785 seconds 
========================================================================
Received Import Request.
  Time since last request: 0.000070 seconds.
  path: Assets/Resources/ScriptableObject/Items/Red Mushroom.asset
  artifactKey: Guid(8b328a56e32fca9469b59d0bd5728f9a) Importer(2089858483,934ff659095e30574adcf32a4c2f97b5)
Start importing Assets/Resources/ScriptableObject/Items/Red Mushroom.asset using Guid(8b328a56e32fca9469b59d0bd5728f9a) Importer(2089858483,934ff659095e30574adcf32a4c2f97b5)  -> (artifact id: '9cc88eda5bc642de6155b8617155a1d2') in 0.033625 seconds 
========================================================================
Received Import Request.
  Time since last request: 0.000238 seconds.
  path: Assets/Resources/ScriptableObject/Items/Minecart.asset
  artifactKey: Guid(9e4356cc57fbf4d40b3ed68ea80c2744) Importer(2089858483,934ff659095e30574adcf32a4c2f97b5)
Start importing Assets/Resources/ScriptableObject/Items/Minecart.asset using Guid(9e4356cc57fbf4d40b3ed68ea80c2744) Importer(2089858483,934ff659095e30574adcf32a4c2f97b5)  -> (artifact id: '28a2a02e21d34d3acfca40e389c0e1a3') in 0.045293 seconds 
========================================================================
Received Import Request.
  Time since last request: 0.000260 seconds.
  path: Assets/Resources/ScriptableObject/Items/Diamond Chestplate.asset
  artifactKey: Guid(5c1282e92eb23fa42bee247da30a2f59) Importer(2089858483,934ff659095e30574adcf32a4c2f97b5)
Start importing Assets/Resources/ScriptableObject/Items/Diamond Chestplate.asset using Guid(5c1282e92eb23fa42bee247da30a2f59) Importer(2089858483,934ff659095e30574adcf32a4c2f97b5)  -> (artifact id: '79e602bc3709082066518b745d0d8e61') in 0.016711 seconds 
========================================================================
Received Import Request.
  Time since last request: 0.000166 seconds.
  path: Assets/02.Scripts/SetItemBtn.cs
  artifactKey: Guid(942b042910936dc41bd45bf749782186) Importer(2089858483,934ff659095e30574adcf32a4c2f97b5)
Start importing Assets/02.Scripts/SetItemBtn.cs using Guid(942b042910936dc41bd45bf749782186) Importer(2089858483,934ff659095e30574adcf32a4c2f97b5)  -> (artifact id: 'f16870408e20ffdfee44a28d6400784a') in 0.017865 seconds 
========================================================================
Received Import Request.
  Time since last request: 0.000177 seconds.
  path: Packages/com.unity.collab-proxy/Editor/Assets/Styles/FloatingDialogue.uss
  artifactKey: Guid(b6078429dfca1ea4ea1b81a864670a1c) Importer(815301076,1909f56bfc062723c751e8b465ee728b)
Start importing Packages/com.unity.collab-proxy/Editor/Assets/Styles/FloatingDialogue.uss using Guid(b6078429dfca1ea4ea1b81a864670a1c) Importer(815301076,1909f56bfc062723c751e8b465ee728b)  -> (artifact id: 'ea365b553765fd5562f93361534750cf') in 0.018981 seconds 
========================================================================
Received Import Request.
  Time since last request: 0.000216 seconds.
  path: Assets/Resources/ScriptableObject/Items/Bookshelf.asset
  artifactKey: Guid(26c16558eba5c6041839f6dd64928204) Importer(2089858483,934ff659095e30574adcf32a4c2f97b5)
Start importing Assets/Resources/ScriptableObject/Items/Bookshelf.asset using Guid(26c16558eba5c6041839f6dd64928204) Importer(2089858483,934ff659095e30574adcf32a4c2f97b5)  -> (artifact id: '06528c05505d0463e071825585876f2c') in 0.014787 seconds 
========================================================================
Received Import Request.
  Time since last request: 0.000245 seconds.
  path: Assets/Resources/ScriptableObject/Items/Bucket.asset
  artifactKey: Guid(3ddb7fc3fea615c449bf85581b6f17d0) Importer(2089858483,934ff659095e30574adcf32a4c2f97b5)
Start importing Assets/Resources/ScriptableObject/Items/Bucket.asset using Guid(3ddb7fc3fea615c449bf85581b6f17d0) Importer(2089858483,934ff659095e30574adcf32a4c2f97b5)  -> (artifact id: '02a7d2139c48cf018e031f5217b27601') in 0.021752 seconds 
========================================================================
Received Import Request.
  Time since last request: 0.000217 seconds.
  path: Assets/Resources/ScriptableObject/Items/Iron Chestplate.asset
  artifactKey: Guid(6175c44a2ff95854799f6132605aa1df) Importer(2089858483,934ff659095e30574adcf32a4c2f97b5)
Start importing Assets/Resources/ScriptableObject/Items/Iron Chestplate.asset using Guid(6175c44a2ff95854799f6132605aa1df) Importer(2089858483,934ff659095e30574adcf32a4c2f97b5)  -> (artifact id: 'aa1b5006d77cf091a2b4fd8e70428bcc') in 0.021936 seconds 
========================================================================
Received Import Request.
  Time since last request: 0.000242 seconds.
  path: Assets/Resources/ScriptableObject/Items/Rail.asset
  artifactKey: Guid(0d965edbfa4f131499fc6ee84a59688e) Importer(2089858483,934ff659095e30574adcf32a4c2f97b5)
Start importing Assets/Resources/ScriptableObject/Items/Rail.asset using Guid(0d965edbfa4f131499fc6ee84a59688e) Importer(2089858483,934ff659095e30574adcf32a4c2f97b5)  -> (artifact id: '9c6295fff52d83ceb78410c34f98120a') in 0.022089 seconds 
========================================================================
Received Import Request.
  Time since last request: 0.000171 seconds.
  path: Assets/Resources/ScriptableObject/Items/Diamond Helmet.asset
  artifactKey: Guid(77ac6adb737254946bf49f1c32b43b28) Importer(2089858483,934ff659095e30574adcf32a4c2f97b5)
Start importing Assets/Resources/ScriptableObject/Items/Diamond Helmet.asset using Guid(77ac6adb737254946bf49f1c32b43b28) Importer(2089858483,934ff659095e30574adcf32a4c2f97b5)  -> (artifact id: 'bd785939f050dab41535cb4ba40190fe') in 0.016408 seconds 
========================================================================
Received Import Request.
  Time since last request: 0.000204 seconds.
  path: Assets/Resources/ScriptableObject/Items/Diamond.asset
  artifactKey: Guid(a70d60725d28de34d8f9c0e273a5eb9b) Importer(2089858483,934ff659095e30574adcf32a4c2f97b5)
Start importing Assets/Resources/ScriptableObject/Items/Diamond.asset using Guid(a70d60725d28de34d8f9c0e273a5eb9b) Importer(2089858483,934ff659095e30574adcf32a4c2f97b5)  -> (artifact id: '46cfbd9ae0230b043ae275f9c9d5c82b') in 0.014101 seconds 
========================================================================
Received Import Request.
  Time since last request: 0.000216 seconds.
  path: Assets/Resources/CSV/Recipe.csv
  artifactKey: Guid(5782844604517a648bb5d87bc45540a1) Importer(2089858483,934ff659095e30574adcf32a4c2f97b5)
Start importing Assets/Resources/CSV/Recipe.csv using Guid(5782844604517a648bb5d87bc45540a1) Importer(2089858483,934ff659095e30574adcf32a4c2f97b5)  -> (artifact id: '8da25e73123c48cd3bac4eb7e2dd4776') in 0.018493 seconds 
========================================================================
Received Import Request.
  Time since last request: 0.000159 seconds.
  path: Assets/Resources/ScriptableObject/Items/Birch Log.asset
  artifactKey: Guid(22ce5fcc988849343a72f41463a9913a) Importer(2089858483,934ff659095e30574adcf32a4c2f97b5)
Start importing Assets/Resources/ScriptableObject/Items/Birch Log.asset using Guid(22ce5fcc988849343a72f41463a9913a) Importer(2089858483,934ff659095e30574adcf32a4c2f97b5)  -> (artifact id: '1706c7e08e976c65165f9af8012f0fd2') in 0.029149 seconds 
========================================================================
Received Import Request.
  Time since last request: 0.000179 seconds.
  path: Assets/02.Scripts/CSVReader.cs
  artifactKey: Guid(cbeb3e727f2f8fa4c9eeab85e53577e7) Importer(2089858483,934ff659095e30574adcf32a4c2f97b5)
Start importing Assets/02.Scripts/CSVReader.cs using Guid(cbeb3e727f2f8fa4c9eeab85e53577e7) Importer(2089858483,934ff659095e30574adcf32a4c2f97b5)  -> (artifact id: '48c1b45b1ff1510dc45162d2004ac1a2') in 0.028122 seconds 
========================================================================
Received Import Request.
  Time since last request: 0.000074 seconds.
  path: Assets/Resources/ScriptableObject/Items/Bed.asset
  artifactKey: Guid(21407378c46b19349b6c682eb0dc14f7) Importer(2089858483,934ff659095e30574adcf32a4c2f97b5)
Start importing Assets/Resources/ScriptableObject/Items/Bed.asset using Guid(21407378c46b19349b6c682eb0dc14f7) Importer(2089858483,934ff659095e30574adcf32a4c2f97b5)  -> (artifact id: 'dbd3dd2f0074bb65afba89930d18549d') in 0.023177 seconds 
========================================================================
Received Import Request.
  Time since last request: 0.000114 seconds.
  path: Assets/Resources/ScriptableObject/Items/Arrow.asset
  artifactKey: Guid(98312ca07661fc941b51c080aa785e4c) Importer(2089858483,934ff659095e30574adcf32a4c2f97b5)
Start importing Assets/Resources/ScriptableObject/Items/Arrow.asset using Guid(98312ca07661fc941b51c080aa785e4c) Importer(2089858483,934ff659095e30574adcf32a4c2f97b5)  -> (artifact id: 'ccf164917dd378ea793fcd9389e8067f') in 0.016181 seconds 
========================================================================
Received Import Request.
  Time since last request: 0.000177 seconds.
  path: Assets/03.Textures/UI/slot.png
  artifactKey: Guid(04ff73eb6f9cfb348836daf61ecf6591) Importer(2089858483,934ff659095e30574adcf32a4c2f97b5)
Start importing Assets/03.Textures/UI/slot.png using Guid(04ff73eb6f9cfb348836daf61ecf6591) Importer(2089858483,934ff659095e30574adcf32a4c2f97b5)  -> (artifact id: '32a60b7847d7d02b5b0c7a40e229cd4d') in 0.017193 seconds 
========================================================================
Received Import Request.
  Time since last request: 0.000171 seconds.
  path: Assets/Resources/ScriptableObject/Items/Redstone Dust.asset
  artifactKey: Guid(faa4a59d8a5aafa48b79e6bf1f076d8d) Importer(2089858483,934ff659095e30574adcf32a4c2f97b5)
Start importing Assets/Resources/ScriptableObject/Items/Redstone Dust.asset using Guid(faa4a59d8a5aafa48b79e6bf1f076d8d) Importer(2089858483,934ff659095e30574adcf32a4c2f97b5)  -> (artifact id: '1b36123153017188a53cc62057196d96') in 0.022018 seconds 
========================================================================
Received Import Request.
  Time since last request: 0.000069 seconds.
  path: Assets/Resources/ScriptableObject/Items/String.asset
  artifactKey: Guid(aad492b6426385f44b075ea3dca13fc8) Importer(2089858483,934ff659095e30574adcf32a4c2f97b5)
Start importing Assets/Resources/ScriptableObject/Items/String.asset using Guid(aad492b6426385f44b075ea3dca13fc8) Importer(2089858483,934ff659095e30574adcf32a4c2f97b5)  -> (artifact id: '1ac3d4265c6478c31ef9ec62b1c86cab') in 0.022789 seconds 
========================================================================
Received Import Request.
  Time since last request: 0.000166 seconds.
  path: Assets/Resources/ScriptableObject/Items/Bow.asset
  artifactKey: Guid(4ee22786463069c41a16e4d4eda34bbf) Importer(2089858483,934ff659095e30574adcf32a4c2f97b5)
Start importing Assets/Resources/ScriptableObject/Items/Bow.asset using Guid(4ee22786463069c41a16e4d4eda34bbf) Importer(2089858483,934ff659095e30574adcf32a4c2f97b5)  -> (artifact id: '5f6a298c4d34622f22084220a660c563') in 0.015649 seconds 
========================================================================
Received Import Request.
  Time since last request: 0.000198 seconds.
  path: Assets/Resources/ScriptableObject/Items/Chest.asset
  artifactKey: Guid(4f5524a934a3dda438bb345efde43c14) Importer(2089858483,934ff659095e30574adcf32a4c2f97b5)
Start importing Assets/Resources/ScriptableObject/Items/Chest.asset using Guid(4f5524a934a3dda438bb345efde43c14) Importer(2089858483,934ff659095e30574adcf32a4c2f97b5)  -> (artifact id: '3eea32a23d20e54bfedad0ee7c7a63ce') in 0.019741 seconds 
========================================================================
Received Import Request.
  Time since last request: 0.000178 seconds.
  path: Assets/Resources/ScriptableObject/Items/Stick.asset
  artifactKey: Guid(666511eafe3542644bf1da36bb47c56b) Importer(2089858483,934ff659095e30574adcf32a4c2f97b5)
Start importing Assets/Resources/ScriptableObject/Items/Stick.asset using Guid(666511eafe3542644bf1da36bb47c56b) Importer(2089858483,934ff659095e30574adcf32a4c2f97b5)  -> (artifact id: 'd115e07b86f473a0177da1b97b911739') in 0.015485 seconds 
========================================================================
Received Import Request.
  Time since last request: 0.000227 seconds.
  path: Assets/Resources/ScriptableObject/Items/Birch Planks.asset
  artifactKey: Guid(7aba9629e01731e40aef2e914a517074) Importer(2089858483,934ff659095e30574adcf32a4c2f97b5)
Start importing Assets/Resources/ScriptableObject/Items/Birch Planks.asset using Guid(7aba9629e01731e40aef2e914a517074) Importer(2089858483,934ff659095e30574adcf32a4c2f97b5)  -> (artifact id: 'f444e799544056f9af16beacfdff78fd') in 0.012939 seconds 
========================================================================
Received Import Request.
  Time since last request: 0.000210 seconds.
  path: Assets/Resources/ScriptableObject/Items/Birch Slab.asset
  artifactKey: Guid(c5741d9fe3d2ab3468d30e003edd2308) Importer(2089858483,934ff659095e30574adcf32a4c2f97b5)
Start importing Assets/Resources/ScriptableObject/Items/Birch Slab.asset using Guid(c5741d9fe3d2ab3468d30e003edd2308) Importer(2089858483,934ff659095e30574adcf32a4c2f97b5)  -> (artifact id: '68529ea2b37d0e78618b3b5430e41f1a') in 0.018553 seconds 
========================================================================
Received Import Request.
  Time since last request: 0.000248 seconds.
  path: Assets/Resources/ScriptableObject/Items/Diamond Shovel.asset
  artifactKey: Guid(7b5daa31428885e4bbee06821c5b9656) Importer(2089858483,934ff659095e30574adcf32a4c2f97b5)
Start importing Assets/Resources/ScriptableObject/Items/Diamond Shovel.asset using Guid(7b5daa31428885e4bbee06821c5b9656) Importer(2089858483,934ff659095e30574adcf32a4c2f97b5)  -> (artifact id: '0e6813219aeae6ee93343de115768001') in 0.031257 seconds 
========================================================================
Received Import Request.
  Time since last request: 0.000177 seconds.
  path: Assets/Resources/ScriptableObject/Items/Wooden Sword.asset
  artifactKey: Guid(2222da75f5593da4d9b8c169f7b935fa) Importer(2089858483,934ff659095e30574adcf32a4c2f97b5)
Start importing Assets/Resources/ScriptableObject/Items/Wooden Sword.asset using Guid(2222da75f5593da4d9b8c169f7b935fa) Importer(2089858483,934ff659095e30574adcf32a4c2f97b5)  -> (artifact id: 'e0a6e9647d55cb89cd8f5407820ee190') in 0.018158 seconds 
========================================================================
Received Import Request.
  Time since last request: 0.000201 seconds.
  path: Packages/com.unity.2d.sprite/Editor/ObjectMenuCreation/DefaultAssets/Textures/v2/9Sliced.png
  artifactKey: Guid(8884154dfe85442a3a3578be807dbcdf) Importer(815301076,1909f56bfc062723c751e8b465ee728b)
Start importing Packages/com.unity.2d.sprite/Editor/ObjectMenuCreation/DefaultAssets/Textures/v2/9Sliced.png using Guid(8884154dfe85442a3a3578be807dbcdf) Importer(815301076,1909f56bfc062723c751e8b465ee728b)  -> (artifact id: '74f8f8ba0c40e46b186d807f9ccb0e2c') in 0.020048 seconds 
========================================================================
Received Import Request.
  Time since last request: 0.000212 seconds.
  path: Assets/04.Prefabs/Inventory Slot.prefab
  artifactKey: Guid(0e42962025a9f594eaadab7bbf2be619) Importer(2089858483,934ff659095e30574adcf32a4c2f97b5)
Start importing Assets/04.Prefabs/Inventory Slot.prefab using Guid(0e42962025a9f594eaadab7bbf2be619) Importer(2089858483,934ff659095e30574adcf32a4c2f97b5)  -> (artifact id: 'fcdbdeb655a5aad75108b4748cd88a69') in 0.017754 seconds 
========================================================================
Received Import Request.
  Time since last request: 0.000159 seconds.
  path: Assets/Resources/ScriptableObject/Items/Birch Stairs.asset
  artifactKey: Guid(35b0b543ffa4f954f8b81459a6eccaf4) Importer(2089858483,934ff659095e30574adcf32a4c2f97b5)
Start importing Assets/Resources/ScriptableObject/Items/Birch Stairs.asset using Guid(35b0b543ffa4f954f8b81459a6eccaf4) Importer(2089858483,934ff659095e30574adcf32a4c2f97b5)  -> (artifact id: 'e89ff1821774c06402a1250608035efc') in 0.017177 seconds 
========================================================================
Received Import Request.
  Time since last request: 0.000161 seconds.
  path: Assets/Resources/ScriptableObject/Items/Diamond Axe.asset
  artifactKey: Guid(f30d6cf6ab80b9b4e9cf662620e76746) Importer(2089858483,934ff659095e30574adcf32a4c2f97b5)
Start importing Assets/Resources/ScriptableObject/Items/Diamond Axe.asset using Guid(f30d6cf6ab80b9b4e9cf662620e76746) Importer(2089858483,934ff659095e30574adcf32a4c2f97b5)  -> (artifact id: 'f37ddb24b8c5bf8fdc784d668be7f512') in 0.020288 seconds 
========================================================================
Received Import Request.
  Time since last request: 0.000216 seconds.
  path: Assets/Resources/ScriptableObject/Items/Carrot on a Stick.asset
  artifactKey: Guid(4a0a2a1108dcd5845a639e84a87f8e1d) Importer(2089858483,934ff659095e30574adcf32a4c2f97b5)
Start importing Assets/Resources/ScriptableObject/Items/Carrot on a Stick.asset using Guid(4a0a2a1108dcd5845a639e84a87f8e1d) Importer(2089858483,934ff659095e30574adcf32a4c2f97b5)  -> (artifact id: '6e9b420e80c23ce656d8f34b109ad346') in 0.022274 seconds 
========================================================================
Received Import Request.
  Time since last request: 0.000199 seconds.
  path: Assets/02.Scripts/CraftingItem.cs
  artifactKey: Guid(6ac391f577d71764c9676f1b71f619fd) Importer(2089858483,934ff659095e30574adcf32a4c2f97b5)
Start importing Assets/02.Scripts/CraftingItem.cs using Guid(6ac391f577d71764c9676f1b71f619fd) Importer(2089858483,934ff659095e30574adcf32a4c2f97b5)  -> (artifact id: '151b2aeeb6413adafd63840223b1bf1e') in 0.018378 seconds 
========================================================================
Received Import Request.
  Time since last request: 0.000171 seconds.
  path: Assets/02.Scripts/Inventory.cs
  artifactKey: Guid(21ace6cfce1ae52429fc813f261ef643) Importer(2089858483,934ff659095e30574adcf32a4c2f97b5)
Start importing Assets/02.Scripts/Inventory.cs using Guid(21ace6cfce1ae52429fc813f261ef643) Importer(2089858483,934ff659095e30574adcf32a4c2f97b5)  -> (artifact id: '565edb935e05a027a6bb3527a8c90061') in 0.017151 seconds 
========================================================================
Received Import Request.
  Time since last request: 0.000190 seconds.
  path: Assets/02.Scripts/Core.cs
  artifactKey: Guid(0eb66fe526b1e6345ab87187052f52dc) Importer(2089858483,934ff659095e30574adcf32a4c2f97b5)
Start importing Assets/02.Scripts/Core.cs using Guid(0eb66fe526b1e6345ab87187052f52dc) Importer(2089858483,934ff659095e30574adcf32a4c2f97b5)  -> (artifact id: '5787e4ab646fd99113653764b416e4f3') in 0.017836 seconds 
========================================================================
Received Import Request.
  Time since last request: 0.000131 seconds.
  path: Assets/04.Prefabs/Slot.prefab
  artifactKey: Guid(b76a8f964bd3d49468077a170cdc8813) Importer(2089858483,934ff659095e30574adcf32a4c2f97b5)
Start importing Assets/04.Prefabs/Slot.prefab using Guid(b76a8f964bd3d49468077a170cdc8813) Importer(2089858483,934ff659095e30574adcf32a4c2f97b5)  -> (artifact id: 'bfcade2d2fdb76a5a20c22bad5e34408') in 0.012842 seconds 
========================================================================
Received Import Request.
  Time since last request: 0.000084 seconds.
  path: Assets/Resources/ScriptableObject/Items/Mushroom Stew.asset
  artifactKey: Guid(8d981283b26da0444b7a0af8851ff41d) Importer(2089858483,934ff659095e30574adcf32a4c2f97b5)
Start importing Assets/Resources/ScriptableObject/Items/Mushroom Stew.asset using Guid(8d981283b26da0444b7a0af8851ff41d) Importer(2089858483,934ff659095e30574adcf32a4c2f97b5)  -> (artifact id: '32872128ae0634ce8283bbd8f2d17e86') in 0.022812 seconds 
========================================================================
Received Import Request.
  Time since last request: 0.000425 seconds.
  path: Assets/Resources/ScriptableObject/Items/Gunpowder.asset
  artifactKey: Guid(11183d7bed87a1343a2ac120c4ea0591) Importer(2089858483,934ff659095e30574adcf32a4c2f97b5)
Start importing Assets/Resources/ScriptableObject/Items/Gunpowder.asset using Guid(11183d7bed87a1343a2ac120c4ea0591) Importer(2089858483,934ff659095e30574adcf32a4c2f97b5)  -> (artifact id: '0e5317d007ab31f44d72e193a03032db') in 0.026535 seconds 
========================================================================
Received Import Request.
  Time since last request: 0.000167 seconds.
  path: Assets/04.Prefabs/Crafting Item Slot.prefab
  artifactKey: Guid(b8c92d78b24e48144ba73f473829559a) Importer(2089858483,934ff659095e30574adcf32a4c2f97b5)
Start importing Assets/04.Prefabs/Crafting Item Slot.prefab using Guid(b8c92d78b24e48144ba73f473829559a) Importer(2089858483,934ff659095e30574adcf32a4c2f97b5)  -> (artifact id: '7b6b36f5441ba70020e444f5f1307b95') in 0.015646 seconds 
========================================================================
Received Import Request.
  Time since last request: 0.000154 seconds.
  path: Assets/Resources/ScriptableObject/Items/Feather.asset
  artifactKey: Guid(7c4caaba140eab44fbb91af94963fcfa) Importer(2089858483,934ff659095e30574adcf32a4c2f97b5)
Start importing Assets/Resources/ScriptableObject/Items/Feather.asset using Guid(7c4caaba140eab44fbb91af94963fcfa) Importer(2089858483,934ff659095e30574adcf32a4c2f97b5)  -> (artifact id: 'abd9b8bd8e8155f8acee70ab1488babb') in 0.018286 seconds 
========================================================================
Received Import Request.
  Time since last request: 0.000158 seconds.
  path: Assets/Resources/ScriptableObject/Items/Milk Bucket.asset
  artifactKey: Guid(9576a014e4e57904c9eb799b028818af) Importer(2089858483,934ff659095e30574adcf32a4c2f97b5)
Start importing Assets/Resources/ScriptableObject/Items/Milk Bucket.asset using Guid(9576a014e4e57904c9eb799b028818af) Importer(2089858483,934ff659095e30574adcf32a4c2f97b5)  -> (artifact id: '1392bb7258e297490c6ffd6dd2ec8708') in 0.017323 seconds 
========================================================================
Received Import Request.
  Time since last request: 0.000071 seconds.
  path: Assets/02.Scripts/Enum.cs
  artifactKey: Guid(ad6dcb6ce729a1847b8c39b3d72c0a80) Importer(2089858483,934ff659095e30574adcf32a4c2f97b5)
Start importing Assets/02.Scripts/Enum.cs using Guid(ad6dcb6ce729a1847b8c39b3d72c0a80) Importer(2089858483,934ff659095e30574adcf32a4c2f97b5)  -> (artifact id: '187682cb184feddf6a20218611234a04') in 0.013177 seconds 
========================================================================
Received Import Request.
  Time since last request: 0.000062 seconds.
  path: Assets/Resources/ScriptableObject/Items/Coal.asset
  artifactKey: Guid(a8f9dbb00fb7a05438116037f4b5b69f) Importer(2089858483,934ff659095e30574adcf32a4c2f97b5)
Start importing Assets/Resources/ScriptableObject/Items/Coal.asset using Guid(a8f9dbb00fb7a05438116037f4b5b69f) Importer(2089858483,934ff659095e30574adcf32a4c2f97b5)  -> (artifact id: '6e2aab608ffb0c065f2ef89931b828c3') in 0.015539 seconds 
========================================================================
Received Import Request.
  Time since last request: 0.000284 seconds.
  path: Assets/Resources/ScriptableObject/Items/Diamond Leggings.asset
  artifactKey: Guid(0d46473f9f130fc4eaf87221f919fa9d) Importer(2089858483,934ff659095e30574adcf32a4c2f97b5)
Start importing Assets/Resources/ScriptableObject/Items/Diamond Leggings.asset using Guid(0d46473f9f130fc4eaf87221f919fa9d) Importer(2089858483,934ff659095e30574adcf32a4c2f97b5)  -> (artifact id: '2c760db24a603b01c489108bbfd0531e') in 0.022329 seconds 
========================================================================
Received Import Request.
  Time since last request: 0.000175 seconds.
  path: Assets/Resources/ScriptableObject/Items/Diamond Sword.asset
  artifactKey: Guid(7bd732c9520463144ae9aac90aad2e19) Importer(2089858483,934ff659095e30574adcf32a4c2f97b5)
Start importing Assets/Resources/ScriptableObject/Items/Diamond Sword.asset using Guid(7bd732c9520463144ae9aac90aad2e19) Importer(2089858483,934ff659095e30574adcf32a4c2f97b5)  -> (artifact id: '390592d1a1e2f58cbe5b0300c8c49e1d') in 0.016138 seconds 
========================================================================
Received Import Request.
  Time since last request: 0.000110 seconds.
  path: Assets/03.Textures/UI/gui_background.png
  artifactKey: Guid(d8d7c9a1de13c514dae395381b1f3ce1) Importer(2089858483,934ff659095e30574adcf32a4c2f97b5)
Start importing Assets/03.Textures/UI/gui_background.png using Guid(d8d7c9a1de13c514dae395381b1f3ce1) Importer(2089858483,934ff659095e30574adcf32a4c2f97b5)  -> (artifact id: 'de12792d3b2bccc6736941fb4707c522') in 0.021763 seconds 
========================================================================
Received Import Request.
  Time since last request: 0.000170 seconds.
  path: Assets/Resources/ScriptableObject/Items/Sugar.asset
  artifactKey: Guid(5b67a75bef3128440a7630aa77b234f3) Importer(2089858483,934ff659095e30574adcf32a4c2f97b5)
Start importing Assets/Resources/ScriptableObject/Items/Sugar.asset using Guid(5b67a75bef3128440a7630aa77b234f3) Importer(2089858483,934ff659095e30574adcf32a4c2f97b5)  -> (artifact id: '3208950d59ba84305916365a130fbbc3') in 0.019482 seconds 
========================================================================
Received Import Request.
  Time since last request: 0.000215 seconds.
  path: Assets/04.Prefabs/Add Item.prefab
  artifactKey: Guid(1b0a391552c399d44bcf98f9f7c37d62) Importer(2089858483,934ff659095e30574adcf32a4c2f97b5)
Start importing Assets/04.Prefabs/Add Item.prefab using Guid(1b0a391552c399d44bcf98f9f7c37d62) Importer(2089858483,934ff659095e30574adcf32a4c2f97b5)  -> (artifact id: '166ef9d3a54539460ddb00198d501596') in 0.016547 seconds 
========================================================================
Received Import Request.
  Time since last request: 0.000235 seconds.
  path: Assets/02.Scripts/EventManager.cs
  artifactKey: Guid(a9a586684f54c764985a98ceb532ac95) Importer(2089858483,934ff659095e30574adcf32a4c2f97b5)
Start importing Assets/02.Scripts/EventManager.cs using Guid(a9a586684f54c764985a98ceb532ac95) Importer(2089858483,934ff659095e30574adcf32a4c2f97b5)  -> (artifact id: 'b0352fd7a31db3b89ddf4dce2e5f6b7a') in 0.016047 seconds 
========================================================================
Received Import Request.
  Time since last request: 0.000188 seconds.
  path: Assets/Resources/ScriptableObject/Items/Book.asset
  artifactKey: Guid(3cea005ff2b09904dbdfcadb4185e024) Importer(2089858483,934ff659095e30574adcf32a4c2f97b5)
Start importing Assets/Resources/ScriptableObject/Items/Book.asset using Guid(3cea005ff2b09904dbdfcadb4185e024) Importer(2089858483,934ff659095e30574adcf32a4c2f97b5)  -> (artifact id: 'ba2b0f43a6b0e6a93326fa0919742f5b') in 0.014601 seconds 
========================================================================
Received Import Request.
  Time since last request: 0.000453 seconds.
  path: Assets/02.Scripts/Singleton_Mono.cs
  artifactKey: Guid(790fed48a56df8241a23905d93fb41d6) Importer(2089858483,934ff659095e30574adcf32a4c2f97b5)
Start importing Assets/02.Scripts/Singleton_Mono.cs using Guid(790fed48a56df8241a23905d93fb41d6) Importer(2089858483,934ff659095e30574adcf32a4c2f97b5)  -> (artifact id: 'ed310e48b2501ea2379c7c2bb8a8e46d') in 0.024802 seconds 
========================================================================
Received Import Request.
  Time since last request: 0.000168 seconds.
  path: Assets/Resources/ScriptableObject/Items/Wooden Axe.asset
  artifactKey: Guid(ee7bfe6196bb48a4b896ee02acf9ce9f) Importer(2089858483,934ff659095e30574adcf32a4c2f97b5)
Start importing Assets/Resources/ScriptableObject/Items/Wooden Axe.asset using Guid(ee7bfe6196bb48a4b896ee02acf9ce9f) Importer(2089858483,934ff659095e30574adcf32a4c2f97b5)  -> (artifact id: 'f04d073b386ecf6a9eb9031e6ef0adeb') in 0.015238 seconds 
========================================================================
Received Import Request.
  Time since last request: 0.000159 seconds.
  path: Assets/02.Scripts/Slot.cs
  artifactKey: Guid(0b1f9147bddbcfa4daf7083e48e6b4e9) Importer(2089858483,934ff659095e30574adcf32a4c2f97b5)
Start importing Assets/02.Scripts/Slot.cs using Guid(0b1f9147bddbcfa4daf7083e48e6b4e9) Importer(2089858483,934ff659095e30574adcf32a4c2f97b5)  -> (artifact id: '26442ef09433fbe986f9101054bc2707') in 0.013203 seconds 
========================================================================
Received Import Request.
  Time since last request: 0.000360 seconds.
  path: Assets/02.Scripts/Workbench.cs
  artifactKey: Guid(c816b6cda605e3d48a6f47c92285c5f0) Importer(2089858483,934ff659095e30574adcf32a4c2f97b5)
Start importing Assets/02.Scripts/Workbench.cs using Guid(c816b6cda605e3d48a6f47c92285c5f0) Importer(2089858483,934ff659095e30574adcf32a4c2f97b5)  -> (artifact id: 'fc81d1edb5eefff4de24c2deeac39f90') in 0.029876 seconds 
========================================================================
Received Import Request.
  Time since last request: 0.000174 seconds.
  path: Assets/Resources/ScriptableObject/Items/Bread.asset
  artifactKey: Guid(a39a12b027269874081f58cb827947da) Importer(2089858483,934ff659095e30574adcf32a4c2f97b5)
Start importing Assets/Resources/ScriptableObject/Items/Bread.asset using Guid(a39a12b027269874081f58cb827947da) Importer(2089858483,934ff659095e30574adcf32a4c2f97b5)  -> (artifact id: '8ff9dae47837439635ebaff67d418bde') in 0.016600 seconds 
========================================================================
Received Import Request.
  Time since last request: 0.000192 seconds.
  path: Assets/Resources/ScriptableObject/Items/Bowl.asset
  artifactKey: Guid(7d6b0b24847a3ab498169c1d24b43724) Importer(2089858483,934ff659095e30574adcf32a4c2f97b5)
Start importing Assets/Resources/ScriptableObject/Items/Bowl.asset using Guid(7d6b0b24847a3ab498169c1d24b43724) Importer(2089858483,934ff659095e30574adcf32a4c2f97b5)  -> (artifact id: '0a444861803a0d8aece91d738021459b') in 0.014681 seconds 
========================================================================
Received Import Request.
  Time since last request: 0.000164 seconds.
  path: Assets/02.Scripts/ItemDataBase.cs
  artifactKey: Guid(547cc9a68becf784da1ba64c4d650223) Importer(2089858483,934ff659095e30574adcf32a4c2f97b5)
Start importing Assets/02.Scripts/ItemDataBase.cs using Guid(547cc9a68becf784da1ba64c4d650223) Importer(2089858483,934ff659095e30574adcf32a4c2f97b5)  -> (artifact id: 'c4cce42cceda279146a268fb207554fb') in 0.024866 seconds 
========================================================================
Received Import Request.
  Time since last request: 0.000216 seconds.
  path: Assets/03.Textures/items.png
  artifactKey: Guid(ea230a4bc9197144bad0a286cb4fa803) Importer(2089858483,934ff659095e30574adcf32a4c2f97b5)
Start importing Assets/03.Textures/items.png using Guid(ea230a4bc9197144bad0a286cb4fa803) Importer(2089858483,934ff659095e30574adcf32a4c2f97b5)  -> (artifact id: '01fe8dccf33bab3555dbaff0e742c9bc') in 0.153149 seconds 
========================================================================
Received Import Request.
  Time since last request: 0.000897 seconds.
  path: Assets/Resources/ScriptableObject/Items/Diamond Boots.asset
  artifactKey: Guid(1a31b439a1b36c54e8e841255f290525) Importer(2089858483,934ff659095e30574adcf32a4c2f97b5)
Start importing Assets/Resources/ScriptableObject/Items/Diamond Boots.asset using Guid(1a31b439a1b36c54e8e841255f290525) Importer(2089858483,934ff659095e30574adcf32a4c2f97b5)  -> (artifact id: 'a40d7c9f0ce57b8fcbbd3236bed8299d') in 0.014978 seconds 
========================================================================
Received Import Request.
  Time since last request: 0.000081 seconds.
  path: Assets/Resources/ScriptableObject/Items/Carrot.asset
  artifactKey: Guid(836ca5a505a9e5246a1ce56f72d9dce8) Importer(2089858483,934ff659095e30574adcf32a4c2f97b5)
Start importing Assets/Resources/ScriptableObject/Items/Carrot.asset using Guid(836ca5a505a9e5246a1ce56f72d9dce8) Importer(2089858483,934ff659095e30574adcf32a4c2f97b5)  -> (artifact id: '04fbcbbb142d5833c19fac2a14b9f53f') in 0.013970 seconds 
========================================================================
Received Import Request.
  Time since last request: 0.000214 seconds.
  path: Assets/Resources/ScriptableObject/Items/Workbench.asset
  artifactKey: Guid(a5486d53e67485a4d9a07a51c0eee040) Importer(2089858483,934ff659095e30574adcf32a4c2f97b5)
Start importing Assets/Resources/ScriptableObject/Items/Workbench.asset using Guid(a5486d53e67485a4d9a07a51c0eee040) Importer(2089858483,934ff659095e30574adcf32a4c2f97b5)  -> (artifact id: 'f808e8ba0710876e66e8fceee618c382') in 0.014681 seconds 
========================================================================
Received Import Request.
  Time since last request: 0.001045 seconds.
  path: Assets/Resources/ScriptableObject/Items/Iron Axe.asset
  artifactKey: Guid(18360bc357f90a14f9760fd206e74801) Importer(2089858483,934ff659095e30574adcf32a4c2f97b5)
Start importing Assets/Resources/ScriptableObject/Items/Iron Axe.asset using Guid(18360bc357f90a14f9760fd206e74801) Importer(2089858483,934ff659095e30574adcf32a4c2f97b5)  -> (artifact id: '407b2b9bcdeab97b15902f6388c7f948') in 0.024289 seconds 
========================================================================
Received Import Request.
  Time since last request: 0.000226 seconds.
  path: Assets/Resources/ScriptableObject/Items/Crafting Table.asset
  artifactKey: Guid(945535ae703424147a5b40f42d01bdac) Importer(2089858483,934ff659095e30574adcf32a4c2f97b5)
Start importing Assets/Resources/ScriptableObject/Items/Crafting Table.asset using Guid(945535ae703424147a5b40f42d01bdac) Importer(2089858483,934ff659095e30574adcf32a4c2f97b5)  -> (artifact id: '5ad0d786675e710f716459bec3a96153') in 0.016589 seconds 
========================================================================
Received Import Request.
  Time since last request: 0.000179 seconds.
  path: Assets/Resources/ScriptableObject/Items/Ladder.asset
  artifactKey: Guid(cb1df0ea609f82a48ac7014b3993f063) Importer(2089858483,934ff659095e30574adcf32a4c2f97b5)
Start importing Assets/Resources/ScriptableObject/Items/Ladder.asset using Guid(cb1df0ea609f82a48ac7014b3993f063) Importer(2089858483,934ff659095e30574adcf32a4c2f97b5)  -> (artifact id: '7bab71301b59947e9e22f1d895d2246b') in 0.017227 seconds 
========================================================================
Received Import Request.
  Time since last request: 0.000166 seconds.
  path: Assets/01.Scenes/MainScene.unity
  artifactKey: Guid(9fc0d4010bbf28b4594072e72b8655ab) Importer(2089858483,934ff659095e30574adcf32a4c2f97b5)
Start importing Assets/01.Scenes/MainScene.unity using Guid(9fc0d4010bbf28b4594072e72b8655ab) Importer(2089858483,934ff659095e30574adcf32a4c2f97b5)  -> (artifact id: 'ebe4ad4cb42fa55333f8f12ae7eaef83') in 0.033480 seconds 
========================================================================
Received Import Request.
  Time since last request: 0.000156 seconds.
  path: Assets/Resources/ScriptableObject/Items/Boat.asset
  artifactKey: Guid(de907d2d58b7c514187cbbe682207023) Importer(2089858483,934ff659095e30574adcf32a4c2f97b5)
Start importing Assets/Resources/ScriptableObject/Items/Boat.asset using Guid(de907d2d58b7c514187cbbe682207023) Importer(2089858483,934ff659095e30574adcf32a4c2f97b5)  -> (artifact id: '29bfef2e0677a63ab70520c3400c1806') in 0.017835 seconds 
========================================================================
Received Import Request.
  Time since last request: 0.000168 seconds.
  path: Assets/Resources/ScriptableObject/Items/Iron Pickaxe.asset
  artifactKey: Guid(e8b2cfba97ab5a34da5123fa1d27c312) Importer(2089858483,934ff659095e30574adcf32a4c2f97b5)
Start importing Assets/Resources/ScriptableObject/Items/Iron Pickaxe.asset using Guid(e8b2cfba97ab5a34da5123fa1d27c312) Importer(2089858483,934ff659095e30574adcf32a4c2f97b5)  -> (artifact id: '3c04fda29b420af826600e3d31cb8f4b') in 0.016825 seconds 
========================================================================
Received Import Request.
  Time since last request: 0.000161 seconds.
  path: Assets/Resources/ScriptableObject/Items/Oak Log.asset
  artifactKey: Guid(a819a1b300a55f0428d13bdf43d12cea) Importer(2089858483,934ff659095e30574adcf32a4c2f97b5)
Start importing Assets/Resources/ScriptableObject/Items/Oak Log.asset using Guid(a819a1b300a55f0428d13bdf43d12cea) Importer(2089858483,934ff659095e30574adcf32a4c2f97b5)  -> (artifact id: '95aa71ba82a9dc7134488f2f68ef5d87') in 0.020264 seconds 
========================================================================
Received Import Request.
  Time since last request: 0.000167 seconds.
  path: Assets/Resources/ScriptableObject/Items/Redstone Torch.asset
  artifactKey: Guid(f80943d467eb3a245b257c0c2cd050d2) Importer(2089858483,934ff659095e30574adcf32a4c2f97b5)
Start importing Assets/Resources/ScriptableObject/Items/Redstone Torch.asset using Guid(f80943d467eb3a245b257c0c2cd050d2) Importer(2089858483,934ff659095e30574adcf32a4c2f97b5)  -> (artifact id: '3523f173caa4d1248abd1002a8b5799c') in 0.014806 seconds 
========================================================================
Received Import Request.
  Time since last request: 0.000191 seconds.
  path: Packages/com.unity.2d.sprite/Editor/ObjectMenuCreation/DefaultAssets/Textures/v2/IsometricDiamond.png
  artifactKey: Guid(19fb86013d8c24d6cb8410c0aadf30fa) Importer(815301076,1909f56bfc062723c751e8b465ee728b)
Start importing Packages/com.unity.2d.sprite/Editor/ObjectMenuCreation/DefaultAssets/Textures/v2/IsometricDiamond.png using Guid(19fb86013d8c24d6cb8410c0aadf30fa) Importer(815301076,1909f56bfc062723c751e8b465ee728b)  -> (artifact id: 'f44900b97dfe8028533d041829c653df') in 0.015768 seconds 
========================================================================
Received Import Request.
  Time since last request: 0.000167 seconds.
  path: Assets/Resources/ScriptableObject/Items/Glass Pane.asset
  artifactKey: Guid(a941dfd499de52542b780d4c1f48dd7c) Importer(2089858483,934ff659095e30574adcf32a4c2f97b5)
Start importing Assets/Resources/ScriptableObject/Items/Glass Pane.asset using Guid(a941dfd499de52542b780d4c1f48dd7c) Importer(2089858483,934ff659095e30574adcf32a4c2f97b5)  -> (artifact id: '35321d1dcd5c104a7014dd1d138fdaff') in 0.032202 seconds 
========================================================================
Received Import Request.
  Time since last request: 0.000184 seconds.
  path: Assets/04.Prefabs/Dragging Item.prefab
  artifactKey: Guid(209c0b608d54cf84aa363329595c43b1) Importer(2089858483,934ff659095e30574adcf32a4c2f97b5)
Start importing Assets/04.Prefabs/Dragging Item.prefab using Guid(209c0b608d54cf84aa363329595c43b1) Importer(2089858483,934ff659095e30574adcf32a4c2f97b5)  -> (artifact id: '83181ec179e9bd0b310ac5598c3dc9f6') in 0.017677 seconds 
========================================================================
Received Import Request.
  Time since last request: 0.000156 seconds.
  path: Assets/Resources/ScriptableObject/Items/Diamond Hoe.asset
  artifactKey: Guid(9a7a34f58fad5c84bb45f60f0c22d52a) Importer(2089858483,934ff659095e30574adcf32a4c2f97b5)
Start importing Assets/Resources/ScriptableObject/Items/Diamond Hoe.asset using Guid(9a7a34f58fad5c84bb45f60f0c22d52a) Importer(2089858483,934ff659095e30574adcf32a4c2f97b5)  -> (artifact id: '09535d3cac848e65dafdcec2c2b27ec1') in 0.018623 seconds 
========================================================================
Received Import Request.
  Time since last request: 0.000166 seconds.
  path: Assets/Resources/ScriptableObject/Items/Torch.asset
  artifactKey: Guid(ae17b183cf7cb514eba8289f1d4f269d) Importer(2089858483,934ff659095e30574adcf32a4c2f97b5)
Start importing Assets/Resources/ScriptableObject/Items/Torch.asset using Guid(ae17b183cf7cb514eba8289f1d4f269d) Importer(2089858483,934ff659095e30574adcf32a4c2f97b5)  -> (artifact id: '89bfaa45891d8c6d369144e3dd4bbf47') in 0.016166 seconds 
========================================================================
Received Import Request.
  Time since last request: 25.036129 seconds.
  path: Assets/02.Scripts/ItemDataBase.cs
  artifactKey: Guid(547cc9a68becf784da1ba64c4d650223) Importer(2089858483,934ff659095e30574adcf32a4c2f97b5)
Start importing Assets/02.Scripts/ItemDataBase.cs using Guid(547cc9a68becf784da1ba64c4d650223) Importer(2089858483,934ff659095e30574adcf32a4c2f97b5)  -> (artifact id: 'a454c799e252df5c09addf996cd9f685') in 0.030323 seconds 
========================================================================
Received Prepare
Registering precompiled user dll's ...
Registered in 0.000908 seconds.
Begin MonoManager ReloadAssembly
Native extension for WindowsStandalone target not found
Refreshing native plugins compatible for Editor in 0.27 ms, found 0 plugins.
Preloading 0 native plugins for Editor in 0.00 ms.
Mono: successfully reloaded assembly
- Completed reload, in  1.251 seconds
Platform modules already initialized, skipping
Refreshing native plugins compatible for Editor in 0.21 ms, found 0 plugins.
Preloading 0 native plugins for Editor in 0.00 ms.
Unloading 1174 Unused Serialized files (Serialized files now loaded: 0)
System memory in use before: 69.6 MB.
System memory in use after: 69.7 MB.

Unloading 4 unused Assets to reduce memory usage. Loaded Objects now: 1708.
Total: 1.951200 ms (FindLiveObjects: 0.115000 ms CreateObjectMapping: 0.035400 ms MarkObjects: 1.767700 ms  DeleteObjects: 0.032000 ms)

========================================================================
Received Prepare
Registering precompiled user dll's ...
Registered in 0.000992 seconds.
Begin MonoManager ReloadAssembly
Native extension for WindowsStandalone target not found
Refreshing native plugins compatible for Editor in 1.13 ms, found 0 plugins.
Preloading 0 native plugins for Editor in 0.00 ms.
Mono: successfully reloaded assembly
- Completed reload, in  1.395 seconds
Platform modules already initialized, skipping
Refreshing native plugins compatible for Editor in 0.33 ms, found 0 plugins.
Preloading 0 native plugins for Editor in 0.00 ms.
Unloading 1170 Unused Serialized files (Serialized files now loaded: 0)
System memory in use before: 69.5 MB.
System memory in use after: 69.6 MB.

Unloading 4 unused Assets to reduce memory usage. Loaded Objects now: 1711.
Total: 1.685300 ms (FindLiveObjects: 0.112000 ms CreateObjectMapping: 0.037600 ms MarkObjects: 1.523300 ms  DeleteObjects: 0.011400 ms)

========================================================================
Received Prepare
Registering precompiled user dll's ...
Registered in 0.000863 seconds.
Begin MonoManager ReloadAssembly
Native extension for WindowsStandalone target not found
Refreshing native plugins compatible for Editor in 0.21 ms, found 0 plugins.
Preloading 0 native plugins for Editor in 0.00 ms.
Mono: successfully reloaded assembly
- Completed reload, in  1.402 seconds
Platform modules already initialized, skipping
Refreshing native plugins compatible for Editor in 0.21 ms, found 0 plugins.
Preloading 0 native plugins for Editor in 0.00 ms.
Unloading 1170 Unused Serialized files (Serialized files now loaded: 0)
System memory in use before: 69.5 MB.
System memory in use after: 69.6 MB.

Unloading 4 unused Assets to reduce memory usage. Loaded Objects now: 1714.
Total: 1.943300 ms (FindLiveObjects: 0.110900 ms CreateObjectMapping: 0.034500 ms MarkObjects: 1.783800 ms  DeleteObjects: 0.012700 ms)

========================================================================
Received Prepare
Registering precompiled user dll's ...
Registered in 0.002787 seconds.
Begin MonoManager ReloadAssembly
Native extension for WindowsStandalone target not found
Refreshing native plugins compatible for Editor in 0.25 ms, found 0 plugins.
Preloading 0 native plugins for Editor in 0.00 ms.
Mono: successfully reloaded assembly
- Completed reload, in  2.337 seconds
Platform modules already initialized, skipping
Refreshing native plugins compatible for Editor in 0.24 ms, found 0 plugins.
Preloading 0 native plugins for Editor in 0.00 ms.
Unloading 1170 Unused Serialized files (Serialized files now loaded: 0)
System memory in use before: 69.5 MB.
System memory in use after: 69.6 MB.

Unloading 4 unused Assets to reduce memory usage. Loaded Objects now: 1717.
Total: 2.166400 ms (FindLiveObjects: 0.125700 ms CreateObjectMapping: 0.064400 ms MarkObjects: 1.960900 ms  DeleteObjects: 0.014100 ms)

========================================================================
Received Prepare
Registering precompiled user dll's ...
Registered in 0.000832 seconds.
Begin MonoManager ReloadAssembly
Native extension for WindowsStandalone target not found
Refreshing native plugins compatible for Editor in 0.26 ms, found 0 plugins.
Preloading 0 native plugins for Editor in 0.00 ms.
Mono: successfully reloaded assembly
- Completed reload, in  1.649 seconds
Platform modules already initialized, skipping
Refreshing native plugins compatible for Editor in 0.26 ms, found 0 plugins.
Preloading 0 native plugins for Editor in 0.00 ms.
Unloading 1170 Unused Serialized files (Serialized files now loaded: 0)
System memory in use before: 69.5 MB.
System memory in use after: 69.6 MB.

Unloading 4 unused Assets to reduce memory usage. Loaded Objects now: 1720.
Total: 1.813100 ms (FindLiveObjects: 0.118800 ms CreateObjectMapping: 0.087500 ms MarkObjects: 1.592900 ms  DeleteObjects: 0.013000 ms)

========================================================================
Received Prepare
Registering precompiled user dll's ...
Registered in 0.001044 seconds.
Begin MonoManager ReloadAssembly
Native extension for WindowsStandalone target not found
Refreshing native plugins compatible for Editor in 0.20 ms, found 0 plugins.
Preloading 0 native plugins for Editor in 0.00 ms.
Mono: successfully reloaded assembly
- Completed reload, in  1.764 seconds
Platform modules already initialized, skipping
Refreshing native plugins compatible for Editor in 0.20 ms, found 0 plugins.
Preloading 0 native plugins for Editor in 0.00 ms.
Unloading 1170 Unused Serialized files (Serialized files now loaded: 0)
System memory in use before: 69.5 MB.
System memory in use after: 69.6 MB.

Unloading 4 unused Assets to reduce memory usage. Loaded Objects now: 1723.
Total: 2.342400 ms (FindLiveObjects: 0.113000 ms CreateObjectMapping: 0.037900 ms MarkObjects: 2.174300 ms  DeleteObjects: 0.015700 ms)

========================================================================
Received Prepare
Registering precompiled user dll's ...
Registered in 0.001017 seconds.
Begin MonoManager ReloadAssembly
Native extension for WindowsStandalone target not found
Refreshing native plugins compatible for Editor in 0.21 ms, found 0 plugins.
Preloading 0 native plugins for Editor in 0.00 ms.
Mono: successfully reloaded assembly
- Completed reload, in  2.628 seconds
Platform modules already initialized, skipping
Refreshing native plugins compatible for Editor in 0.22 ms, found 0 plugins.
Preloading 0 native plugins for Editor in 0.00 ms.
Unloading 1170 Unused Serialized files (Serialized files now loaded: 0)
System memory in use before: 69.5 MB.
System memory in use after: 69.6 MB.

Unloading 4 unused Assets to reduce memory usage. Loaded Objects now: 1726.
Total: 2.018100 ms (FindLiveObjects: 0.116100 ms CreateObjectMapping: 0.037200 ms MarkObjects: 1.849900 ms  DeleteObjects: 0.013300 ms)

========================================================================
Received Prepare
Registering precompiled user dll's ...
Registered in 0.109499 seconds.
Begin MonoManager ReloadAssembly
Native extension for WindowsStandalone target not found
Refreshing native plugins compatible for Editor in 0.35 ms, found 0 plugins.
Preloading 0 native plugins for Editor in 0.00 ms.
Mono: successfully reloaded assembly
- Completed reload, in  8.659 seconds
Platform modules already initialized, skipping
Refreshing native plugins compatible for Editor in 0.21 ms, found 0 plugins.
Preloading 0 native plugins for Editor in 0.00 ms.
Unloading 1170 Unused Serialized files (Serialized files now loaded: 0)
System memory in use before: 69.5 MB.
System memory in use after: 69.7 MB.

Unloading 4 unused Assets to reduce memory usage. Loaded Objects now: 1729.
Total: 2.654400 ms (FindLiveObjects: 0.138900 ms CreateObjectMapping: 0.034100 ms MarkObjects: 2.467500 ms  DeleteObjects: 0.012600 ms)

========================================================================
Received Import Request.
  Time since last request: 8954.887400 seconds.
  path: Assets/03.Textures/UI/gui_background.png
  artifactKey: Guid(d8d7c9a1de13c514dae395381b1f3ce1) Importer(815301076,1909f56bfc062723c751e8b465ee728b)
Start importing Assets/03.Textures/UI/gui_background.png using Guid(d8d7c9a1de13c514dae395381b1f3ce1) Importer(815301076,1909f56bfc062723c751e8b465ee728b)  -> (artifact id: 'f507bbf965f8969a77fedd56c7b04856') in 0.146400 seconds 
========================================================================
Received Prepare
Registering precompiled user dll's ...
Registered in 0.000797 seconds.
Begin MonoManager ReloadAssembly
Native extension for WindowsStandalone target not found
Refreshing native plugins compatible for Editor in 0.21 ms, found 0 plugins.
Preloading 0 native plugins for Editor in 0.00 ms.
Mono: successfully reloaded assembly
- Completed reload, in  1.001 seconds
Platform modules already initialized, skipping
Refreshing native plugins compatible for Editor in 0.21 ms, found 0 plugins.
Preloading 0 native plugins for Editor in 0.00 ms.
Unloading 1171 Unused Serialized files (Serialized files now loaded: 0)
System memory in use before: 70.1 MB.
System memory in use after: 70.2 MB.

Unloading 4 unused Assets to reduce memory usage. Loaded Objects now: 1750.
Total: 1.618100 ms (FindLiveObjects: 0.119300 ms CreateObjectMapping: 0.034100 ms MarkObjects: 1.449400 ms  DeleteObjects: 0.014200 ms)

========================================================================
Received Prepare
Registering precompiled user dll's ...
Registered in 0.000721 seconds.
Begin MonoManager ReloadAssembly
Native extension for WindowsStandalone target not found
Refreshing native plugins compatible for Editor in 0.21 ms, found 0 plugins.
Preloading 0 native plugins for Editor in 0.00 ms.
Mono: successfully reloaded assembly
- Completed reload, in  0.923 seconds
Platform modules already initialized, skipping
Refreshing native plugins compatible for Editor in 0.23 ms, found 0 plugins.
Preloading 0 native plugins for Editor in 0.00 ms.
Unloading 1170 Unused Serialized files (Serialized files now loaded: 0)
System memory in use before: 70.1 MB.
System memory in use after: 70.2 MB.

Unloading 4 unused Assets to reduce memory usage. Loaded Objects now: 1753.
Total: 1.806600 ms (FindLiveObjects: 0.103200 ms CreateObjectMapping: 0.029300 ms MarkObjects: 1.634000 ms  DeleteObjects: 0.038900 ms)

========================================================================
Received Prepare
Registering precompiled user dll's ...
Registered in 0.001021 seconds.
Begin MonoManager ReloadAssembly
Native extension for WindowsStandalone target not found
Refreshing native plugins compatible for Editor in 0.21 ms, found 0 plugins.
Preloading 0 native plugins for Editor in 0.00 ms.
Mono: successfully reloaded assembly
- Completed reload, in  1.183 seconds
Platform modules already initialized, skipping
Refreshing native plugins compatible for Editor in 0.21 ms, found 0 plugins.
Preloading 0 native plugins for Editor in 0.00 ms.
Unloading 1170 Unused Serialized files (Serialized files now loaded: 0)
System memory in use before: 70.1 MB.
System memory in use after: 70.2 MB.

Unloading 4 unused Assets to reduce memory usage. Loaded Objects now: 1756.
Total: 1.940200 ms (FindLiveObjects: 0.129900 ms CreateObjectMapping: 0.076900 ms MarkObjects: 1.716000 ms  DeleteObjects: 0.016200 ms)

========================================================================
Received Prepare
Registering precompiled user dll's ...
Registered in 0.000890 seconds.
Begin MonoManager ReloadAssembly
Native extension for WindowsStandalone target not found
Refreshing native plugins compatible for Editor in 0.21 ms, found 0 plugins.
Preloading 0 native plugins for Editor in 0.00 ms.
Mono: successfully reloaded assembly
- Completed reload, in  0.965 seconds
Platform modules already initialized, skipping
Refreshing native plugins compatible for Editor in 0.20 ms, found 0 plugins.
Preloading 0 native plugins for Editor in 0.00 ms.
Unloading 1170 Unused Serialized files (Serialized files now loaded: 0)
System memory in use before: 70.1 MB.
System memory in use after: 70.2 MB.

Unloading 4 unused Assets to reduce memory usage. Loaded Objects now: 1759.
Total: 1.616300 ms (FindLiveObjects: 0.109100 ms CreateObjectMapping: 0.034400 ms MarkObjects: 1.461300 ms  DeleteObjects: 0.010600 ms)

========================================================================
Received Prepare
Registering precompiled user dll's ...
Registered in 0.001012 seconds.
Begin MonoManager ReloadAssembly
Native extension for WindowsStandalone target not found
Refreshing native plugins compatible for Editor in 0.22 ms, found 0 plugins.
Preloading 0 native plugins for Editor in 0.00 ms.
Mono: successfully reloaded assembly
- Completed reload, in  1.171 seconds
Platform modules already initialized, skipping
Refreshing native plugins compatible for Editor in 0.48 ms, found 0 plugins.
Preloading 0 native plugins for Editor in 0.00 ms.
Unloading 1170 Unused Serialized files (Serialized files now loaded: 0)
System memory in use before: 70.1 MB.
System memory in use after: 70.2 MB.

Unloading 4 unused Assets to reduce memory usage. Loaded Objects now: 1762.
Total: 2.043100 ms (FindLiveObjects: 0.116700 ms CreateObjectMapping: 0.039600 ms MarkObjects: 1.872900 ms  DeleteObjects: 0.012700 ms)

========================================================================
Received Prepare
Registering precompiled user dll's ...
Registered in 0.002181 seconds.
Begin MonoManager ReloadAssembly
Native extension for WindowsStandalone target not found
Refreshing native plugins compatible for Editor in 0.21 ms, found 0 plugins.
Preloading 0 native plugins for Editor in 0.00 ms.
Mono: successfully reloaded assembly
- Completed reload, in  0.911 seconds
Platform modules already initialized, skipping
Refreshing native plugins compatible for Editor in 0.23 ms, found 0 plugins.
Preloading 0 native plugins for Editor in 0.00 ms.
Unloading 1170 Unused Serialized files (Serialized files now loaded: 0)
System memory in use before: 70.1 MB.
System memory in use after: 70.2 MB.

Unloading 4 unused Assets to reduce memory usage. Loaded Objects now: 1765.
Total: 1.842100 ms (FindLiveObjects: 0.117300 ms CreateObjectMapping: 0.040700 ms MarkObjects: 1.646100 ms  DeleteObjects: 0.036300 ms)

========================================================================
Received Prepare
Registering precompiled user dll's ...
Registered in 0.001159 seconds.
Begin MonoManager ReloadAssembly
Native extension for WindowsStandalone target not found
Refreshing native plugins compatible for Editor in 0.23 ms, found 0 plugins.
Preloading 0 native plugins for Editor in 0.00 ms.
Mono: successfully reloaded assembly
- Completed reload, in  1.352 seconds
Platform modules already initialized, skipping
Refreshing native plugins compatible for Editor in 0.23 ms, found 0 plugins.
Preloading 0 native plugins for Editor in 0.00 ms.
Unloading 1170 Unused Serialized files (Serialized files now loaded: 0)
System memory in use before: 70.1 MB.
System memory in use after: 70.2 MB.

Unloading 4 unused Assets to reduce memory usage. Loaded Objects now: 1768.
Total: 2.117200 ms (FindLiveObjects: 0.114100 ms CreateObjectMapping: 0.036000 ms MarkObjects: 1.952700 ms  DeleteObjects: 0.013400 ms)

========================================================================
Received Prepare
Registering precompiled user dll's ...
Registered in 0.000758 seconds.
Begin MonoManager ReloadAssembly
Native extension for WindowsStandalone target not found
Refreshing native plugins compatible for Editor in 0.24 ms, found 0 plugins.
Preloading 0 native plugins for Editor in 0.00 ms.
Mono: successfully reloaded assembly
- Completed reload, in  1.046 seconds
Platform modules already initialized, skipping
Refreshing native plugins compatible for Editor in 0.23 ms, found 0 plugins.
Preloading 0 native plugins for Editor in 0.00 ms.
Unloading 1170 Unused Serialized files (Serialized files now loaded: 0)
System memory in use before: 70.1 MB.
System memory in use after: 70.2 MB.

Unloading 4 unused Assets to reduce memory usage. Loaded Objects now: 1771.
Total: 2.161500 ms (FindLiveObjects: 0.126300 ms CreateObjectMapping: 0.087700 ms MarkObjects: 1.927800 ms  DeleteObjects: 0.018500 ms)

========================================================================
Received Prepare
Registering precompiled user dll's ...
Registered in 0.000827 seconds.
Begin MonoManager ReloadAssembly
Native extension for WindowsStandalone target not found
Refreshing native plugins compatible for Editor in 0.22 ms, found 0 plugins.
Preloading 0 native plugins for Editor in 0.00 ms.
Mono: successfully reloaded assembly
- Completed reload, in  0.889 seconds
Platform modules already initialized, skipping
Refreshing native plugins compatible for Editor in 0.21 ms, found 0 plugins.
Preloading 0 native plugins for Editor in 0.00 ms.
Unloading 1170 Unused Serialized files (Serialized files now loaded: 0)
System memory in use before: 70.1 MB.
System memory in use after: 70.2 MB.

Unloading 4 unused Assets to reduce memory usage. Loaded Objects now: 1774.
Total: 1.593300 ms (FindLiveObjects: 0.115700 ms CreateObjectMapping: 0.042900 ms MarkObjects: 1.421700 ms  DeleteObjects: 0.012100 ms)

========================================================================
Received Prepare
Registering precompiled user dll's ...
Registered in 0.001242 seconds.
Begin MonoManager ReloadAssembly
Native extension for WindowsStandalone target not found
Refreshing native plugins compatible for Editor in 0.32 ms, found 0 plugins.
Preloading 0 native plugins for Editor in 0.00 ms.
Mono: successfully reloaded assembly
- Completed reload, in  1.812 seconds
Platform modules already initialized, skipping
Refreshing native plugins compatible for Editor in 0.21 ms, found 0 plugins.
Preloading 0 native plugins for Editor in 0.00 ms.
Unloading 1170 Unused Serialized files (Serialized files now loaded: 0)
System memory in use before: 70.2 MB.
System memory in use after: 70.3 MB.

Unloading 4 unused Assets to reduce memory usage. Loaded Objects now: 1777.
Total: 2.747300 ms (FindLiveObjects: 0.123200 ms CreateObjectMapping: 0.042500 ms MarkObjects: 2.563500 ms  DeleteObjects: 0.016900 ms)

========================================================================
Received Prepare
Registering precompiled user dll's ...
Registered in 0.000842 seconds.
Begin MonoManager ReloadAssembly
Native extension for WindowsStandalone target not found
Refreshing native plugins compatible for Editor in 0.24 ms, found 0 plugins.
Preloading 0 native plugins for Editor in 0.00 ms.
Mono: successfully reloaded assembly
- Completed reload, in  0.982 seconds
Platform modules already initialized, skipping
Refreshing native plugins compatible for Editor in 0.30 ms, found 0 plugins.
Preloading 0 native plugins for Editor in 0.00 ms.
Unloading 1170 Unused Serialized files (Serialized files now loaded: 0)
System memory in use before: 70.2 MB.
System memory in use after: 70.3 MB.

Unloading 4 unused Assets to reduce memory usage. Loaded Objects now: 1780.
Total: 1.860100 ms (FindLiveObjects: 0.124300 ms CreateObjectMapping: 0.039300 ms MarkObjects: 1.676600 ms  DeleteObjects: 0.018600 ms)

========================================================================
Received Prepare
Registering precompiled user dll's ...
Registered in 0.000832 seconds.
Begin MonoManager ReloadAssembly
Native extension for WindowsStandalone target not found
Refreshing native plugins compatible for Editor in 0.40 ms, found 0 plugins.
Preloading 0 native plugins for Editor in 0.00 ms.
Mono: successfully reloaded assembly
- Completed reload, in  1.179 seconds
Platform modules already initialized, skipping
Refreshing native plugins compatible for Editor in 0.26 ms, found 0 plugins.
Preloading 0 native plugins for Editor in 0.00 ms.
Unloading 1170 Unused Serialized files (Serialized files now loaded: 0)
System memory in use before: 70.2 MB.
System memory in use after: 70.3 MB.

Unloading 4 unused Assets to reduce memory usage. Loaded Objects now: 1783.
Total: 1.857300 ms (FindLiveObjects: 0.143600 ms CreateObjectMapping: 0.042200 ms MarkObjects: 1.656200 ms  DeleteObjects: 0.014200 ms)

========================================================================
Received Prepare
Registering precompiled user dll's ...
Registered in 0.000762 seconds.
Begin MonoManager ReloadAssembly
Native extension for WindowsStandalone target not found
Refreshing native plugins compatible for Editor in 0.20 ms, found 0 plugins.
Preloading 0 native plugins for Editor in 0.00 ms.
Mono: successfully reloaded assembly
- Completed reload, in  0.958 seconds
Platform modules already initialized, skipping
Refreshing native plugins compatible for Editor in 0.43 ms, found 0 plugins.
Preloading 0 native plugins for Editor in 0.00 ms.
Unloading 1170 Unused Serialized files (Serialized files now loaded: 0)
System memory in use before: 70.2 MB.
System memory in use after: 70.3 MB.

Unloading 4 unused Assets to reduce memory usage. Loaded Objects now: 1786.
Total: 1.742300 ms (FindLiveObjects: 0.118100 ms CreateObjectMapping: 0.037600 ms MarkObjects: 1.572200 ms  DeleteObjects: 0.013000 ms)

========================================================================
Received Prepare
Registering precompiled user dll's ...
Registered in 0.000765 seconds.
Begin MonoManager ReloadAssembly
Native extension for WindowsStandalone target not found
Refreshing native plugins compatible for Editor in 0.21 ms, found 0 plugins.
Preloading 0 native plugins for Editor in 0.00 ms.
Mono: successfully reloaded assembly
- Completed reload, in  0.892 seconds
Platform modules already initialized, skipping
Refreshing native plugins compatible for Editor in 0.24 ms, found 0 plugins.
Preloading 0 native plugins for Editor in 0.00 ms.
Unloading 1170 Unused Serialized files (Serialized files now loaded: 0)
System memory in use before: 70.2 MB.
System memory in use after: 70.3 MB.

Unloading 4 unused Assets to reduce memory usage. Loaded Objects now: 1789.
Total: 3.448800 ms (FindLiveObjects: 0.603200 ms CreateObjectMapping: 0.107400 ms MarkObjects: 2.721500 ms  DeleteObjects: 0.015300 ms)

========================================================================
Received Import Request.
  Time since last request: 2316.846685 seconds.
  path: Assets/02.Scripts/Workbench.cs
  artifactKey: Guid(c816b6cda605e3d48a6f47c92285c5f0) Importer(2089858483,934ff659095e30574adcf32a4c2f97b5)
Start importing Assets/02.Scripts/Workbench.cs using Guid(c816b6cda605e3d48a6f47c92285c5f0) Importer(2089858483,934ff659095e30574adcf32a4c2f97b5)  -> (artifact id: '7c4a1a1a60720d1f7c52c67ffaca8a63') in 0.104416 seconds 
========================================================================
Received Import Request.
  Time since last request: 0.000296 seconds.
  path: Assets/02.Scripts/CraftingItem.cs
  artifactKey: Guid(6ac391f577d71764c9676f1b71f619fd) Importer(2089858483,934ff659095e30574adcf32a4c2f97b5)
Start importing Assets/02.Scripts/CraftingItem.cs using Guid(6ac391f577d71764c9676f1b71f619fd) Importer(2089858483,934ff659095e30574adcf32a4c2f97b5)  -> (artifact id: '1cd6b76321724ad5f2ec1870d2a385d7') in 0.017965 seconds 
========================================================================
Received Import Request.
  Time since last request: 0.000249 seconds.
  path: Assets/02.Scripts/Slot.cs
  artifactKey: Guid(0b1f9147bddbcfa4daf7083e48e6b4e9) Importer(2089858483,934ff659095e30574adcf32a4c2f97b5)
Start importing Assets/02.Scripts/Slot.cs using Guid(0b1f9147bddbcfa4daf7083e48e6b4e9) Importer(2089858483,934ff659095e30574adcf32a4c2f97b5)  -> (artifact id: 'aa9941b2191b634bce1686c4c1abcd2c') in 0.015943 seconds 
========================================================================
Received Prepare
Registering precompiled user dll's ...
Registered in 0.001067 seconds.
Begin MonoManager ReloadAssembly
Native extension for WindowsStandalone target not found
Refreshing native plugins compatible for Editor in 0.22 ms, found 0 plugins.
Preloading 0 native plugins for Editor in 0.00 ms.
Mono: successfully reloaded assembly
- Completed reload, in  1.299 seconds
Platform modules already initialized, skipping
Refreshing native plugins compatible for Editor in 0.21 ms, found 0 plugins.
Preloading 0 native plugins for Editor in 0.00 ms.
Unloading 1170 Unused Serialized files (Serialized files now loaded: 0)
System memory in use before: 70.2 MB.
System memory in use after: 70.3 MB.

Unloading 4 unused Assets to reduce memory usage. Loaded Objects now: 1792.
Total: 2.346800 ms (FindLiveObjects: 0.159600 ms CreateObjectMapping: 0.067100 ms MarkObjects: 2.068800 ms  DeleteObjects: 0.049500 ms)

========================================================================
Received Prepare
Registering precompiled user dll's ...
Registered in 0.000936 seconds.
Begin MonoManager ReloadAssembly
Native extension for WindowsStandalone target not found
Refreshing native plugins compatible for Editor in 0.23 ms, found 0 plugins.
Preloading 0 native plugins for Editor in 0.00 ms.
Mono: successfully reloaded assembly
- Completed reload, in  1.527 seconds
Platform modules already initialized, skipping
Refreshing native plugins compatible for Editor in 0.22 ms, found 0 plugins.
Preloading 0 native plugins for Editor in 0.00 ms.
Unloading 1170 Unused Serialized files (Serialized files now loaded: 0)
System memory in use before: 70.2 MB.
System memory in use after: 70.3 MB.

Unloading 4 unused Assets to reduce memory usage. Loaded Objects now: 1795.
Total: 2.156600 ms (FindLiveObjects: 0.132800 ms CreateObjectMapping: 0.044800 ms MarkObjects: 1.961400 ms  DeleteObjects: 0.016300 ms)

========================================================================
Received Prepare
Registering precompiled user dll's ...
Registered in 0.000843 seconds.
Begin MonoManager ReloadAssembly
Native extension for WindowsStandalone target not found
Refreshing native plugins compatible for Editor in 0.22 ms, found 0 plugins.
Preloading 0 native plugins for Editor in 0.00 ms.
Mono: successfully reloaded assembly
- Completed reload, in  1.597 seconds
Platform modules already initialized, skipping
Refreshing native plugins compatible for Editor in 0.28 ms, found 0 plugins.
Preloading 0 native plugins for Editor in 0.00 ms.
Unloading 1170 Unused Serialized files (Serialized files now loaded: 0)
System memory in use before: 70.2 MB.
System memory in use after: 70.3 MB.

Unloading 4 unused Assets to reduce memory usage. Loaded Objects now: 1798.
Total: 2.361900 ms (FindLiveObjects: 0.137600 ms CreateObjectMapping: 0.062200 ms MarkObjects: 2.128900 ms  DeleteObjects: 0.031600 ms)

========================================================================
Received Import Request.
  Time since last request: 2142.156746 seconds.
  path: Assets/02.Scripts/CraftingItem.cs
  artifactKey: Guid(6ac391f577d71764c9676f1b71f619fd) Importer(2089858483,934ff659095e30574adcf32a4c2f97b5)
Start importing Assets/02.Scripts/CraftingItem.cs using Guid(6ac391f577d71764c9676f1b71f619fd) Importer(2089858483,934ff659095e30574adcf32a4c2f97b5)  -> (artifact id: '4d3a8c8f035e057ad4167f2e8db82121') in 0.127463 seconds 
========================================================================
Received Prepare
Registering precompiled user dll's ...
Registered in 0.000761 seconds.
Begin MonoManager ReloadAssembly
Native extension for WindowsStandalone target not found
Refreshing native plugins compatible for Editor in 0.22 ms, found 0 plugins.
Preloading 0 native plugins for Editor in 0.00 ms.
Mono: successfully reloaded assembly
- Completed reload, in  1.100 seconds
Platform modules already initialized, skipping
Refreshing native plugins compatible for Editor in 0.23 ms, found 0 plugins.
Preloading 0 native plugins for Editor in 0.00 ms.
Unloading 1170 Unused Serialized files (Serialized files now loaded: 0)
System memory in use before: 70.2 MB.
System memory in use after: 70.3 MB.

Unloading 4 unused Assets to reduce memory usage. Loaded Objects now: 1801.
Total: 1.687900 ms (FindLiveObjects: 0.109400 ms CreateObjectMapping: 0.031700 ms MarkObjects: 1.534800 ms  DeleteObjects: 0.011200 ms)

========================================================================
Received Prepare
Registering precompiled user dll's ...
Registered in 0.000877 seconds.
Begin MonoManager ReloadAssembly
Native extension for WindowsStandalone target not found
Refreshing native plugins compatible for Editor in 0.30 ms, found 0 plugins.
Preloading 0 native plugins for Editor in 0.00 ms.
Mono: successfully reloaded assembly
- Completed reload, in  0.947 seconds
Platform modules already initialized, skipping
Refreshing native plugins compatible for Editor in 0.26 ms, found 0 plugins.
Preloading 0 native plugins for Editor in 0.00 ms.
Unloading 1170 Unused Serialized files (Serialized files now loaded: 0)
System memory in use before: 70.2 MB.
System memory in use after: 70.3 MB.

Unloading 4 unused Assets to reduce memory usage. Loaded Objects now: 1804.
Total: 2.099200 ms (FindLiveObjects: 0.108300 ms CreateObjectMapping: 0.033300 ms MarkObjects: 1.921700 ms  DeleteObjects: 0.035100 ms)

